c:\users\horva\desktop\internship\siemensprojectinternship\x64\release\vc142.pdb
c:\users\horva\desktop\internship\siemensprojectinternship\x64\release\siemensprojectinternship.obj
c:\users\horva\desktop\internship\siemensprojectinternship\x64\release\orderclass.obj
c:\users\horva\desktop\internship\siemensprojectinternship\x64\release\orderitems.obj
c:\users\horva\desktop\internship\siemensprojectinternship\x64\release\siemensprojectinternship.exe
c:\users\horva\desktop\internship\siemensprojectinternship\x64\release\siemensprojectinternship.pdb
c:\users\horva\onedrive\desktop\siemenslocal\c++\cdbth\siemensprojectinternship\x64\release\siemensprojectinternship.lib
c:\users\horva\onedrive\desktop\siemenslocal\c++\cdbth\siemensprojectinternship\x64\release\siemensprojectinternship.exp
c:\users\horva\onedrive\desktop\siemenslocal\c++\cdbth\siemensprojectinternship\x64\release\siemensprojectinternship.ipdb
c:\users\horva\onedrive\desktop\siemenslocal\c++\cdbth\siemensprojectinternship\x64\release\siemensprojectinternship.iobj
c:\users\horva\onedrive\desktop\siemenslocal\c++\project\siemensprojectinternship\x64\release\siemensprojectinternship.lib
c:\users\horva\onedrive\desktop\siemenslocal\c++\project\siemensprojectinternship\x64\release\siemensprojectinternship.exp
c:\users\horva\onedrive\desktop\siemenslocal\c++\project\siemensprojectinternship\x64\release\siemensprojectinternship.ipdb
c:\users\horva\onedrive\desktop\siemenslocal\c++\project\siemensprojectinternship\x64\release\siemensprojectinternship.iobj
d:\facultate\siemens\internshipsiemens\siemensprojectinternship\x64\release\siemensprojectinternship.lib
d:\facultate\siemens\internshipsiemens\siemensprojectinternship\x64\release\siemensprojectinternship.exp
d:\facultate\siemens\internshipsiemens\siemensprojectinternship\x64\release\siemensprojectinternship.ipdb
d:\facultate\siemens\internshipsiemens\siemensprojectinternship\x64\release\siemensprojectinternship.iobj
c:\users\horva\desktop\internshipsiemens\siemensprojectinternship\x64\release\siemensprojectinternship.lib
c:\users\horva\desktop\internshipsiemens\siemensprojectinternship\x64\release\siemensprojectinternship.exp
c:\users\horva\desktop\internshipsiemens\siemensprojectinternship\x64\release\siemensprojectinternship.ipdb
c:\users\horva\desktop\internshipsiemens\siemensprojectinternship\x64\release\siemensprojectinternship.iobj
c:\users\horva\desktop\internship\siemensprojectinternship\x64\release\siemensprojectinternship.lib
c:\users\horva\desktop\internship\siemensprojectinternship\x64\release\siemensprojectinternship.exp
c:\users\horva\desktop\internship\siemensprojectinternship\x64\release\siemensprojectinternship.ipdb
c:\users\horva\desktop\internship\siemensprojectinternship\x64\release\siemensprojectinternship.iobj
d:\facultate\siemens\internshipsiemens\siemensprojectinternship\x64\release\cmd.obj
d:\facultate\siemens\internshipsiemens\siemensprojectinternship\x64\release\menuitems.obj
d:\facultate\siemens\internshipsiemens\siemensprojectinternship\x64\release\neworder.obj
d:\facultate\siemens\internshipsiemens\siemensprojectinternship\x64\release\orderclass.obj
d:\facultate\siemens\internshipsiemens\siemensprojectinternship\x64\release\orderitems.obj
d:\facultate\siemens\internshipsiemens\siemensprojectinternship\x64\release\siemensprojectinternship.obj
d:\facultate\siemens\internshipsiemens\siemensprojectinternship\x64\release\users.obj
d:\facultate\siemens\internshipsiemens\siemensprojectinternship\x64\release\siemensprojectinternship.pdb
d:\facultate\siemens\internshipsiemens\siemensprojectinternship\x64\release\vc142.pdb
d:\facultate\siemens\internshipsiemens\siemensprojectinternship\x64\release\siemensp.e0a9b782.tlog\cl.command.1.tlog
d:\facultate\siemens\internshipsiemens\siemensprojectinternship\x64\release\siemensp.e0a9b782.tlog\cl.read.1.tlog
d:\facultate\siemens\internshipsiemens\siemensprojectinternship\x64\release\siemensp.e0a9b782.tlog\cl.write.1.tlog
d:\facultate\siemens\internshipsiemens\siemensprojectinternship\x64\release\siemensp.e0a9b782.tlog\link.command.1.tlog
d:\facultate\siemens\internshipsiemens\siemensprojectinternship\x64\release\siemensp.e0a9b782.tlog\link.read.1.tlog
d:\facultate\siemens\internshipsiemens\siemensprojectinternship\x64\release\siemensp.e0a9b782.tlog\link.write.1.tlog
d:\facultate\siemens\internshipsiemens\siemensprojectinternship\x64\release\siemensp.e0a9b782.tlog\siemensprojectinternship.write.1u.tlog
